## Footprint report - date Mon Aug 27 18:24:00 2018
## Created by Pcbnew version kicad 4.0.7
## Unit = mm, Angle = deg.

$BeginDESCRIPTION

$BOARD
upper_left_corner 32.000000 38.550000
lower_right_corner 87.100001 165.000001
$EndBOARD

$MODULE "J2"
reference "J2"
value "LSAO"
footprint "Pin_Headers:Pin_Header_Straight_2x03_Pitch2.54mm"
attribut none
position 40.460000 108.920000  orientation 0.00
layer front
$PAD "1"
Shape Rect Layer both
position  0.000000  0.000000  size  1.700000  1.700000  orientation 0.00
drill  1.000000
shape_offset  0.000000  0.000000
$EndPAD
$PAD "2"
Shape Oval Layer both
position  2.540000  0.000000  size  1.700000  1.700000  orientation 0.00
drill  1.000000
shape_offset  0.000000  0.000000
$EndPAD
$PAD "3"
Shape Oval Layer both
position  0.000000  2.540000  size  1.700000  1.700000  orientation 0.00
drill  1.000000
shape_offset  0.000000  0.000000
$EndPAD
$PAD "4"
Shape Oval Layer both
position  2.540000  2.540000  size  1.700000  1.700000  orientation 0.00
drill  1.000000
shape_offset  0.000000  0.000000
$EndPAD
$PAD "5"
Shape Oval Layer both
position  0.000000  5.080000  size  1.700000  1.700000  orientation 0.00
drill  1.000000
shape_offset  0.000000  0.000000
$EndPAD
$PAD "6"
Shape Oval Layer both
position  2.540000  5.080000  size  1.700000  1.700000  orientation 0.00
drill  1.000000
shape_offset  0.000000  0.000000
$EndPAD
$EndMODULE  J2

$MODULE "J1"
reference "J1"
value "SAO"
footprint "Pin_Headers:Pin_Header_Straight_2x02_Pitch2.54mm"
attribut none
position 40.460000 116.460000  orientation 0.00
layer front
$PAD "1"
Shape Rect Layer both
position  0.000000  0.000000  size  1.700000  1.700000  orientation 0.00
drill  1.000000
shape_offset  0.000000  0.000000
$EndPAD
$PAD "2"
Shape Oval Layer both
position  2.540000  0.000000  size  1.700000  1.700000  orientation 0.00
drill  1.000000
shape_offset  0.000000  0.000000
$EndPAD
$PAD "3"
Shape Oval Layer both
position  0.000000  2.540000  size  1.700000  1.700000  orientation 0.00
drill  1.000000
shape_offset  0.000000  0.000000
$EndPAD
$PAD "4"
Shape Oval Layer both
position  2.540000  2.540000  size  1.700000  1.700000  orientation 0.00
drill  1.000000
shape_offset  0.000000  0.000000
$EndPAD
$EndMODULE  J1

$MODULE "G***"
reference "G***"
value "LOGO"
footprint "LOGO"
attribut none
position 41.920000 114.040000  orientation 180.00
layer back
$EndMODULE  G***

$MODULE "D2"
reference "D2"
value "BL"
footprint "LEDs:LED_0805_HandSoldering"
attribut smd
position 50.060000 102.530000  orientation 180.00
layer front
$PAD "1"
Shape Rect Layer front
position -1.350000  0.000000  size  1.500000  1.300000  orientation 0.00
drill  0.000000
shape_offset  0.000000  0.000000
$EndPAD
$PAD "2"
Shape Rect Layer front
position  1.350000  0.000000  size  1.500000  1.300000  orientation 0.00
drill  0.000000
shape_offset  0.000000  0.000000
$EndPAD
$EndMODULE  D2

$MODULE "D1"
reference "D1"
value "BL"
footprint "LEDs:LED_0805_HandSoldering"
attribut smd
position 68.150000 102.480000  orientation 0.00
layer front
$PAD "1"
Shape Rect Layer front
position -1.350000  0.000000  size  1.500000  1.300000  orientation 0.00
drill  0.000000
shape_offset  0.000000  0.000000
$EndPAD
$PAD "2"
Shape Rect Layer front
position  1.350000  0.000000  size  1.500000  1.300000  orientation 0.00
drill  0.000000
shape_offset  0.000000  0.000000
$EndPAD
$EndMODULE  D1

$MODULE "SW1"
reference "SW1"
value "RESET"
footprint "Buttons_Switches_SMD:SW_SPST_B3SL-1002P"
attribut smd
position 46.900000 144.100000  orientation 0.00
layer back
$PAD "1"
Shape Rect Layer back
position -2.875000  2.000000  size  2.750000  1.000000  orientation 0.00
drill  0.000000
shape_offset  0.000000  0.000000
$EndPAD
$PAD "1"
Shape Rect Layer back
position  2.875000  2.000000  size  2.750000  1.000000  orientation 0.00
drill  0.000000
shape_offset  0.000000  0.000000
$EndPAD
$PAD "2"
Shape Rect Layer back
position  2.875000 -2.000000  size  2.750000  1.000000  orientation 0.00
drill  0.000000
shape_offset  0.000000  0.000000
$EndPAD
$PAD "2"
Shape Rect Layer back
position -2.875000 -2.000000  size  2.750000  1.000000  orientation 0.00
drill  0.000000
shape_offset  0.000000  0.000000
$EndPAD
$EndMODULE  SW1

$MODULE "U2"
reference "U2"
value "Nokia_5110_LCD"
footprint "Nokia_5110-3310_LCD:Nokia_5110-3310_LCD"
attribut none
position 59.100000 105.050000  orientation 180.00
layer front
$PAD ""
Shape Circle Layer both
position 17.250000 32.500000  size  2.000000  2.000000  orientation 0.00
drill  2.000000
shape_offset  0.000000  0.000000
$EndPAD
$PAD ""
Shape Circle Layer back
position 20.250000 23.000000  size  1.500000  1.500000  orientation 0.00
drill  1.500000
shape_offset  0.000000  0.000000
$EndPAD
$PAD ""
Shape Circle Layer back
position 20.250000 21.750000  size  1.500000  1.500000  orientation 0.00
drill  1.500000
shape_offset  0.000000  0.000000
$EndPAD
$PAD ""
Shape Circle Layer back
position -20.250000 23.250000  size  1.500000  1.500000  orientation 0.00
drill  1.500000
shape_offset  0.000000  0.000000
$EndPAD
$PAD ""
Shape Circle Layer back
position -20.250000 22.000000  size  1.500000  1.500000  orientation 0.00
drill  1.500000
shape_offset  0.000000  0.000000
$EndPAD
$PAD ""
Shape Circle Layer back
position -20.250000 23.750000  size  1.500000  1.500000  orientation 0.00
drill  1.500000
shape_offset  0.000000  0.000000
$EndPAD
$PAD ""
Shape Circle Layer back
position -20.250000 21.250000  size  1.500000  1.500000  orientation 0.00
drill  1.500000
shape_offset  0.000000  0.000000
$EndPAD
$PAD ""
Shape Circle Layer back
position -20.250000  3.750000  size  1.500000  1.500000  orientation 0.00
drill  1.500000
shape_offset  0.000000  0.000000
$EndPAD
$PAD ""
Shape Circle Layer back
position -20.250000  3.250000  size  1.500000  1.500000  orientation 0.00
drill  1.500000
shape_offset  0.000000  0.000000
$EndPAD
$PAD ""
Shape Circle Layer back
position -20.250000  1.250000  size  1.500000  1.500000  orientation 0.00
drill  1.500000
shape_offset  0.000000  0.000000
$EndPAD
$PAD ""
Shape Circle Layer back
position -20.250000  1.750000  size  1.500000  1.500000  orientation 0.00
drill  1.500000
shape_offset  0.000000  0.000000
$EndPAD
$PAD ""
Shape Circle Layer back
position 20.250000 23.750000  size  1.500000  1.500000  orientation 0.00
drill  1.500000
shape_offset  0.000000  0.000000
$EndPAD
$PAD ""
Shape Circle Layer back
position 20.250000 21.250000  size  1.500000  1.500000  orientation 0.00
drill  1.500000
shape_offset  0.000000  0.000000
$EndPAD
$PAD ""
Shape Circle Layer back
position 20.250000  3.000000  size  1.500000  1.500000  orientation 0.00
drill  1.500000
shape_offset  0.000000  0.000000
$EndPAD
$PAD ""
Shape Rect Layer back
position 19.000000  2.500000  size  1.500000  3.000000  orientation 0.00
drill  0.000000
shape_offset  0.000000  0.000000
$EndPAD
$PAD ""
Shape Rect Layer back
position 19.000000 22.500000  size  1.500000  3.000000  orientation 0.00
drill  0.000000
shape_offset  0.000000  0.000000
$EndPAD
$PAD ""
Shape Rect Layer back
position -19.000000 22.500000  size  1.500000  3.000000  orientation 0.00
drill  0.000000
shape_offset  0.000000  0.000000
$EndPAD
$PAD ""
Shape Rect Layer back
position -19.000000  2.500000  size  1.500000  3.000000  orientation 0.00
drill  0.000000
shape_offset  0.000000  0.000000
$EndPAD
$PAD ""
Shape Oval Layer back
position 20.250000 22.500000  size  2.000000  4.500000  orientation 0.00
drill  1.500000
shape_offset  0.000000  0.000000
$EndPAD
$PAD ""
Shape Oval Layer back
position -20.250000 22.500000  size  2.000000  4.500000  orientation 0.00
drill  1.500000
shape_offset  0.000000  0.000000
$EndPAD
$PAD ""
Shape Oval Layer back
position 20.250000  2.500000  size  2.000000  4.500000  orientation 0.00
drill  1.500000
shape_offset  0.000000  0.000000
$EndPAD
$PAD ""
Shape Oval Layer back
position -20.250000  2.500000  size  2.000000  4.500000  orientation 0.00
drill  1.500000
shape_offset  0.000000  0.000000
$EndPAD
$PAD "9"
Shape Rect Layer front
position  4.000000  2.500000  size  0.600000  3.000000  orientation 0.00
drill  0.000000
shape_offset  0.000000  0.000000
$EndPAD
$PAD "8"
Shape Rect Layer front
position  3.000000  2.500000  size  0.600000  3.000000  orientation 0.00
drill  0.000000
shape_offset  0.000000  0.000000
$EndPAD
$PAD "7"
Shape Rect Layer front
position  2.000000  2.500000  size  0.600000  3.000000  orientation 0.00
drill  0.000000
shape_offset  0.000000  0.000000
$EndPAD
$PAD "6"
Shape Rect Layer front
position  1.000000  2.500000  size  0.600000  3.000000  orientation 0.00
drill  0.000000
shape_offset  0.000000  0.000000
$EndPAD
$PAD "1"
Shape Rect Layer front
position -4.000000  2.500000  size  0.600000  3.000000  orientation 0.00
drill  0.000000
shape_offset  0.000000  0.000000
$EndPAD
$PAD "2"
Shape Rect Layer front
position -3.000000  2.500000  size  0.600000  3.000000  orientation 0.00
drill  0.000000
shape_offset  0.000000  0.000000
$EndPAD
$PAD "5"
Shape Rect Layer front
position  0.000000  2.500000  size  0.600000  3.000000  orientation 0.00
drill  0.000000
shape_offset  0.000000  0.000000
$EndPAD
$PAD "4"
Shape Rect Layer front
position -1.000000  2.500000  size  0.600000  3.000000  orientation 0.00
drill  0.000000
shape_offset  0.000000  0.000000
$EndPAD
$PAD "3"
Shape Rect Layer front
position -2.000000  2.500000  size  0.600000  3.000000  orientation 0.00
drill  0.000000
shape_offset  0.000000  0.000000
$EndPAD
$PAD ""
Shape Circle Layer back
position 20.250000  1.250000  size  1.500000  1.500000  orientation 0.00
drill  1.500000
shape_offset  0.000000  0.000000
$EndPAD
$PAD ""
Shape Circle Layer back
position 20.250000  3.750000  size  1.500000  1.500000  orientation 0.00
drill  1.500000
shape_offset  0.000000  0.000000
$EndPAD
$PAD ""
Shape Circle Layer back
position 20.250000  1.750000  size  1.500000  1.500000  orientation 0.00
drill  1.500000
shape_offset  0.000000  0.000000
$EndPAD
$PAD ""
Shape Circle Layer both
position -17.250000  6.000000  size  2.000000  2.000000  orientation 0.00
drill  2.000000
shape_offset  0.000000  0.000000
$EndPAD
$EndMODULE  U2

$MODULE "G***"
reference "G***"
value "LOGO"
footprint "LOGO"
attribut none
position 61.270000 127.380000  orientation 0.00
layer front
$EndMODULE  G***

$MODULE "G***"
reference "G***"
value "LOGO"
footprint "LOGO"
attribut none
position 59.200000 101.190000  orientation 0.00
layer front
$EndMODULE  G***

$MODULE "IC1"
reference "IC1"
value "Si4455-B1A-FM"
footprint "Si4455-B1A-FM:QFN50P300X300X80-21N-D"
attribut smd
position 59.800000 108.710000  orientation 180.00
layer back
$PAD "1"
Shape Rect Layer back
position -1.600000  1.000000  size  0.300000  0.550000  orientation -90.00
drill  0.000000
shape_offset  0.000000  0.000000
$EndPAD
$PAD "2"
Shape Rect Layer back
position -1.600000  0.500000  size  0.300000  0.550000  orientation -90.00
drill  0.000000
shape_offset  0.000000  0.000000
$EndPAD
$PAD "3"
Shape Rect Layer back
position -1.600000  0.000000  size  0.300000  0.550000  orientation -90.00
drill  0.000000
shape_offset  0.000000  0.000000
$EndPAD
$PAD "4"
Shape Rect Layer back
position -1.600000 -0.500000  size  0.300000  0.550000  orientation -90.00
drill  0.000000
shape_offset  0.000000  0.000000
$EndPAD
$PAD "5"
Shape Rect Layer back
position -1.600000 -1.000000  size  0.300000  0.550000  orientation -90.00
drill  0.000000
shape_offset  0.000000  0.000000
$EndPAD
$PAD "6"
Shape Rect Layer back
position -1.000000 -1.600000  size  0.300000  0.550000  orientation 0.00
drill  0.000000
shape_offset  0.000000  0.000000
$EndPAD
$PAD "7"
Shape Rect Layer back
position -0.500000 -1.600000  size  0.300000  0.550000  orientation 0.00
drill  0.000000
shape_offset  0.000000  0.000000
$EndPAD
$PAD "8"
Shape Rect Layer back
position  0.000000 -1.600000  size  0.300000  0.550000  orientation 0.00
drill  0.000000
shape_offset  0.000000  0.000000
$EndPAD
$PAD "9"
Shape Rect Layer back
position  0.500000 -1.600000  size  0.300000  0.550000  orientation 0.00
drill  0.000000
shape_offset  0.000000  0.000000
$EndPAD
$PAD "10"
Shape Rect Layer back
position  1.000000 -1.600000  size  0.300000  0.550000  orientation 0.00
drill  0.000000
shape_offset  0.000000  0.000000
$EndPAD
$PAD "11"
Shape Rect Layer back
position  1.600000 -1.000000  size  0.300000  0.550000  orientation -90.00
drill  0.000000
shape_offset  0.000000  0.000000
$EndPAD
$PAD "12"
Shape Rect Layer back
position  1.600000 -0.500000  size  0.300000  0.550000  orientation -90.00
drill  0.000000
shape_offset  0.000000  0.000000
$EndPAD
$PAD "13"
Shape Rect Layer back
position  1.600000  0.000000  size  0.300000  0.550000  orientation -90.00
drill  0.000000
shape_offset  0.000000  0.000000
$EndPAD
$PAD "14"
Shape Rect Layer back
position  1.600000  0.500000  size  0.300000  0.550000  orientation -90.00
drill  0.000000
shape_offset  0.000000  0.000000
$EndPAD
$PAD "15"
Shape Rect Layer back
position  1.600000  1.000000  size  0.300000  0.550000  orientation -90.00
drill  0.000000
shape_offset  0.000000  0.000000
$EndPAD
$PAD "16"
Shape Rect Layer back
position  1.000000  1.600000  size  0.300000  0.550000  orientation 0.00
drill  0.000000
shape_offset  0.000000  0.000000
$EndPAD
$PAD "17"
Shape Rect Layer back
position  0.500000  1.600000  size  0.300000  0.550000  orientation 0.00
drill  0.000000
shape_offset  0.000000  0.000000
$EndPAD
$PAD "18"
Shape Rect Layer back
position  0.000000  1.600000  size  0.300000  0.550000  orientation 0.00
drill  0.000000
shape_offset  0.000000  0.000000
$EndPAD
$PAD "19"
Shape Rect Layer back
position -0.500000  1.600000  size  0.300000  0.550000  orientation 0.00
drill  0.000000
shape_offset  0.000000  0.000000
$EndPAD
$PAD "20"
Shape Rect Layer back
position -1.000000  1.600000  size  0.300000  0.550000  orientation 0.00
drill  0.000000
shape_offset  0.000000  0.000000
$EndPAD
$PAD "21"
Shape Rect Layer back
position  0.000000  0.000000  size  1.800000  1.800000  orientation 0.00
drill  0.000000
shape_offset  0.000000  0.000000
$EndPAD
$EndMODULE  IC1

$MODULE "U1"
reference "U1"
value "ATMEGA328P-AU"
footprint "ATMEGA328P-AU:QFP80P900X900X120-32N"
attribut smd
position 51.030000 105.900000  orientation 270.00
layer back
$PAD "1"
Shape Rect Layer back
position -4.250000  2.800000  size  0.600000  1.500000  orientation -90.00
drill  0.000000
shape_offset  0.000000  0.000000
$EndPAD
$PAD "2"
Shape Rect Layer back
position -4.250000  2.000000  size  0.600000  1.500000  orientation -90.00
drill  0.000000
shape_offset  0.000000  0.000000
$EndPAD
$PAD "3"
Shape Rect Layer back
position -4.250000  1.200000  size  0.600000  1.500000  orientation -90.00
drill  0.000000
shape_offset  0.000000  0.000000
$EndPAD
$PAD "4"
Shape Rect Layer back
position -4.250000  0.400000  size  0.600000  1.500000  orientation -90.00
drill  0.000000
shape_offset  0.000000  0.000000
$EndPAD
$PAD "5"
Shape Rect Layer back
position -4.250000 -0.400000  size  0.600000  1.500000  orientation -90.00
drill  0.000000
shape_offset  0.000000  0.000000
$EndPAD
$PAD "6"
Shape Rect Layer back
position -4.250000 -1.200000  size  0.600000  1.500000  orientation -90.00
drill  0.000000
shape_offset  0.000000  0.000000
$EndPAD
$PAD "7"
Shape Rect Layer back
position -4.250000 -2.000000  size  0.600000  1.500000  orientation -90.00
drill  0.000000
shape_offset  0.000000  0.000000
$EndPAD
$PAD "8"
Shape Rect Layer back
position -4.250000 -2.800000  size  0.600000  1.500000  orientation -90.00
drill  0.000000
shape_offset  0.000000  0.000000
$EndPAD
$PAD "9"
Shape Rect Layer back
position -2.800000 -4.250000  size  0.600000  1.500000  orientation 0.00
drill  0.000000
shape_offset  0.000000  0.000000
$EndPAD
$PAD "10"
Shape Rect Layer back
position -2.000000 -4.250000  size  0.600000  1.500000  orientation 0.00
drill  0.000000
shape_offset  0.000000  0.000000
$EndPAD
$PAD "11"
Shape Rect Layer back
position -1.200000 -4.250000  size  0.600000  1.500000  orientation 0.00
drill  0.000000
shape_offset  0.000000  0.000000
$EndPAD
$PAD "12"
Shape Rect Layer back
position -0.400000 -4.250000  size  0.600000  1.500000  orientation 0.00
drill  0.000000
shape_offset  0.000000  0.000000
$EndPAD
$PAD "13"
Shape Rect Layer back
position  0.400000 -4.250000  size  0.600000  1.500000  orientation 0.00
drill  0.000000
shape_offset  0.000000  0.000000
$EndPAD
$PAD "14"
Shape Rect Layer back
position  1.200000 -4.250000  size  0.600000  1.500000  orientation 0.00
drill  0.000000
shape_offset  0.000000  0.000000
$EndPAD
$PAD "15"
Shape Rect Layer back
position  2.000000 -4.250000  size  0.600000  1.500000  orientation 0.00
drill  0.000000
shape_offset  0.000000  0.000000
$EndPAD
$PAD "16"
Shape Rect Layer back
position  2.800000 -4.250000  size  0.600000  1.500000  orientation 0.00
drill  0.000000
shape_offset  0.000000  0.000000
$EndPAD
$PAD "17"
Shape Rect Layer back
position  4.250000 -2.800000  size  0.600000  1.500000  orientation -90.00
drill  0.000000
shape_offset  0.000000  0.000000
$EndPAD
$PAD "18"
Shape Rect Layer back
position  4.250000 -2.000000  size  0.600000  1.500000  orientation -90.00
drill  0.000000
shape_offset  0.000000  0.000000
$EndPAD
$PAD "19"
Shape Rect Layer back
position  4.250000 -1.200000  size  0.600000  1.500000  orientation -90.00
drill  0.000000
shape_offset  0.000000  0.000000
$EndPAD
$PAD "20"
Shape Rect Layer back
position  4.250000 -0.400000  size  0.600000  1.500000  orientation -90.00
drill  0.000000
shape_offset  0.000000  0.000000
$EndPAD
$PAD "21"
Shape Rect Layer back
position  4.250000  0.400000  size  0.600000  1.500000  orientation -90.00
drill  0.000000
shape_offset  0.000000  0.000000
$EndPAD
$PAD "22"
Shape Rect Layer back
position  4.250000  1.200000  size  0.600000  1.500000  orientation -90.00
drill  0.000000
shape_offset  0.000000  0.000000
$EndPAD
$PAD "23"
Shape Rect Layer back
position  4.250000  2.000000  size  0.600000  1.500000  orientation -90.00
drill  0.000000
shape_offset  0.000000  0.000000
$EndPAD
$PAD "24"
Shape Rect Layer back
position  4.250000  2.800000  size  0.600000  1.500000  orientation -90.00
drill  0.000000
shape_offset  0.000000  0.000000
$EndPAD
$PAD "25"
Shape Rect Layer back
position  2.800000  4.250000  size  0.600000  1.500000  orientation 0.00
drill  0.000000
shape_offset  0.000000  0.000000
$EndPAD
$PAD "26"
Shape Rect Layer back
position  2.000000  4.250000  size  0.600000  1.500000  orientation 0.00
drill  0.000000
shape_offset  0.000000  0.000000
$EndPAD
$PAD "27"
Shape Rect Layer back
position  1.200000  4.250000  size  0.600000  1.500000  orientation 0.00
drill  0.000000
shape_offset  0.000000  0.000000
$EndPAD
$PAD "28"
Shape Rect Layer back
position  0.400000  4.250000  size  0.600000  1.500000  orientation 0.00
drill  0.000000
shape_offset  0.000000  0.000000
$EndPAD
$PAD "29"
Shape Rect Layer back
position -0.400000  4.250000  size  0.600000  1.500000  orientation 0.00
drill  0.000000
shape_offset  0.000000  0.000000
$EndPAD
$PAD "30"
Shape Rect Layer back
position -1.200000  4.250000  size  0.600000  1.500000  orientation 0.00
drill  0.000000
shape_offset  0.000000  0.000000
$EndPAD
$PAD "31"
Shape Rect Layer back
position -2.000000  4.250000  size  0.600000  1.500000  orientation 0.00
drill  0.000000
shape_offset  0.000000  0.000000
$EndPAD
$PAD "32"
Shape Rect Layer back
position -2.800000  4.250000  size  0.600000  1.500000  orientation 0.00
drill  0.000000
shape_offset  0.000000  0.000000
$EndPAD
$EndMODULE  U1

$MODULE "C0"
reference "C0"
value " "
footprint "Capacitors_SMD:C_0805_HandSoldering"
attribut smd
position 45.960000 118.680000  orientation 90.00
layer back
$PAD "1"
Shape Rect Layer back
position -1.250000  0.000000  size  1.500000  1.250000  orientation 0.00
drill  0.000000
shape_offset  0.000000  0.000000
$EndPAD
$PAD "2"
Shape Rect Layer back
position  1.250000  0.000000  size  1.500000  1.250000  orientation 0.00
drill  0.000000
shape_offset  0.000000  0.000000
$EndPAD
$EndMODULE  C0

$MODULE "C1"
reference "C1"
value " "
footprint "Capacitors_SMD:C_0805_HandSoldering"
attribut smd
position 75.760000 106.670000  orientation 270.00
layer back
$PAD "1"
Shape Rect Layer back
position -1.250000  0.000000  size  1.500000  1.250000  orientation 0.00
drill  0.000000
shape_offset  0.000000  0.000000
$EndPAD
$PAD "2"
Shape Rect Layer back
position  1.250000  0.000000  size  1.500000  1.250000  orientation 0.00
drill  0.000000
shape_offset  0.000000  0.000000
$EndPAD
$EndMODULE  C1

$MODULE "C2"
reference "C2"
value " "
footprint "Capacitors_SMD:C_0805_HandSoldering"
attribut smd
position 72.150000 106.910000  orientation 180.00
layer back
$PAD "1"
Shape Rect Layer back
position -1.250000  0.000000  size  1.500000  1.250000  orientation 0.00
drill  0.000000
shape_offset  0.000000  0.000000
$EndPAD
$PAD "2"
Shape Rect Layer back
position  1.250000  0.000000  size  1.500000  1.250000  orientation 0.00
drill  0.000000
shape_offset  0.000000  0.000000
$EndPAD
$EndMODULE  C2

$MODULE "C3"
reference "C3"
value " "
footprint "Capacitors_SMD:C_0805_HandSoldering"
attribut smd
position 72.150000 104.810000  orientation 180.00
layer back
$PAD "1"
Shape Rect Layer back
position -1.250000  0.000000  size  1.500000  1.250000  orientation 0.00
drill  0.000000
shape_offset  0.000000  0.000000
$EndPAD
$PAD "2"
Shape Rect Layer back
position  1.250000  0.000000  size  1.500000  1.250000  orientation 0.00
drill  0.000000
shape_offset  0.000000  0.000000
$EndPAD
$EndMODULE  C3

$MODULE "C4"
reference "C4"
value " "
footprint "Capacitors_SMD:C_0805_HandSoldering"
attribut smd
position 72.140000 109.050000  orientation 180.00
layer back
$PAD "1"
Shape Rect Layer back
position -1.250000  0.000000  size  1.500000  1.250000  orientation 0.00
drill  0.000000
shape_offset  0.000000  0.000000
$EndPAD
$PAD "2"
Shape Rect Layer back
position  1.250000  0.000000  size  1.500000  1.250000  orientation 0.00
drill  0.000000
shape_offset  0.000000  0.000000
$EndPAD
$EndMODULE  C4

$MODULE "CM1"
reference "CM1"
value " "
footprint "Capacitors_SMD:C_0805_HandSoldering"
attribut smd
position 52.790000 127.440000  orientation 270.00
layer back
$PAD "1"
Shape Rect Layer back
position -1.250000  0.000000  size  1.500000  1.250000  orientation 0.00
drill  0.000000
shape_offset  0.000000  0.000000
$EndPAD
$PAD "2"
Shape Rect Layer back
position  1.250000  0.000000  size  1.500000  1.250000  orientation 0.00
drill  0.000000
shape_offset  0.000000  0.000000
$EndPAD
$EndMODULE  CM1

$MODULE "CM2"
reference "CM2"
value " "
footprint "Capacitors_SMD:C_0805_HandSoldering"
attribut smd
position 49.800000 127.410000  orientation 270.00
layer back
$PAD "1"
Shape Rect Layer back
position -1.250000  0.000000  size  1.500000  1.250000  orientation 0.00
drill  0.000000
shape_offset  0.000000  0.000000
$EndPAD
$PAD "2"
Shape Rect Layer back
position  1.250000  0.000000  size  1.500000  1.250000  orientation 0.00
drill  0.000000
shape_offset  0.000000  0.000000
$EndPAD
$EndMODULE  CM2

$MODULE "CM3"
reference "CM3"
value " "
footprint "Capacitors_SMD:C_0805_HandSoldering"
attribut smd
position 46.720000 127.410000  orientation 270.00
layer back
$PAD "1"
Shape Rect Layer back
position -1.250000  0.000000  size  1.500000  1.250000  orientation 0.00
drill  0.000000
shape_offset  0.000000  0.000000
$EndPAD
$PAD "2"
Shape Rect Layer back
position  1.250000  0.000000  size  1.500000  1.250000  orientation 0.00
drill  0.000000
shape_offset  0.000000  0.000000
$EndPAD
$EndMODULE  CM3

$MODULE "CR1"
reference "CR1"
value " "
footprint "Capacitors_SMD:C_0805_HandSoldering"
attribut smd
position 69.640000 111.180000  orientation 180.00
layer back
$PAD "1"
Shape Rect Layer back
position -1.250000  0.000000  size  1.500000  1.250000  orientation 0.00
drill  0.000000
shape_offset  0.000000  0.000000
$EndPAD
$PAD "2"
Shape Rect Layer back
position  1.250000  0.000000  size  1.500000  1.250000  orientation 0.00
drill  0.000000
shape_offset  0.000000  0.000000
$EndPAD
$EndMODULE  CR1

$MODULE "CR2"
reference "CR2"
value " "
footprint "Capacitors_SMD:C_0805_HandSoldering"
attribut smd
position 53.310000 118.620000  orientation 270.00
layer back
$PAD "1"
Shape Rect Layer back
position -1.250000  0.000000  size  1.500000  1.250000  orientation 0.00
drill  0.000000
shape_offset  0.000000  0.000000
$EndPAD
$PAD "2"
Shape Rect Layer back
position  1.250000  0.000000  size  1.500000  1.250000  orientation 0.00
drill  0.000000
shape_offset  0.000000  0.000000
$EndPAD
$EndMODULE  CR2

$MODULE "D5"
reference "D5"
value "1N4148"
footprint "Diodes_SMD:D_SOD-323_HandSoldering"
attribut smd
position 43.340000 103.160000  orientation 0.00
layer back
$PAD "1"
Shape Rect Layer back
position -1.250000  0.000000  size  1.000000  1.000000  orientation 0.00
drill  0.000000
shape_offset  0.000000  0.000000
$EndPAD
$PAD "2"
Shape Rect Layer back
position  1.250000  0.000000  size  1.000000  1.000000  orientation 0.00
drill  0.000000
shape_offset  0.000000  0.000000
$EndPAD
$EndMODULE  D5

$MODULE "L0"
reference "L0"
value " "
footprint "Inductors_SMD:L_0805_HandSoldering"
attribut smd
position 48.440000 118.760000  orientation 270.00
layer back
$PAD "1"
Shape Rect Layer back
position -1.350000  0.000000  size  1.500000  1.300000  orientation 0.00
drill  0.000000
shape_offset  0.000000  0.000000
$EndPAD
$PAD "2"
Shape Rect Layer back
position  1.350000  0.000000  size  1.500000  1.300000  orientation 0.00
drill  0.000000
shape_offset  0.000000  0.000000
$EndPAD
$EndMODULE  L0

$MODULE "Lchoke1"
reference "Lchoke1"
value " "
footprint "Inductors_SMD:L_0805_HandSoldering"
attribut smd
position 43.420000 124.290000  orientation 90.00
layer back
$PAD "1"
Shape Rect Layer back
position -1.350000  0.000000  size  1.500000  1.300000  orientation 0.00
drill  0.000000
shape_offset  0.000000  0.000000
$EndPAD
$PAD "2"
Shape Rect Layer back
position  1.350000  0.000000  size  1.500000  1.300000  orientation 0.00
drill  0.000000
shape_offset  0.000000  0.000000
$EndPAD
$EndMODULE  Lchoke1

$MODULE "LM1"
reference "LM1"
value " "
footprint "Inductors_SMD:L_0805_HandSoldering"
attribut smd
position 52.650000 123.000000  orientation 0.00
layer back
$PAD "1"
Shape Rect Layer back
position -1.350000  0.000000  size  1.500000  1.300000  orientation 0.00
drill  0.000000
shape_offset  0.000000  0.000000
$EndPAD
$PAD "2"
Shape Rect Layer back
position  1.350000  0.000000  size  1.500000  1.300000  orientation 0.00
drill  0.000000
shape_offset  0.000000  0.000000
$EndPAD
$EndMODULE  LM1

$MODULE "LM2"
reference "LM2"
value " "
footprint "Inductors_SMD:L_0805_HandSoldering"
attribut smd
position 47.650000 123.000000  orientation 180.00
layer back
$PAD "1"
Shape Rect Layer back
position -1.350000  0.000000  size  1.500000  1.300000  orientation 0.00
drill  0.000000
shape_offset  0.000000  0.000000
$EndPAD
$PAD "2"
Shape Rect Layer back
position  1.350000  0.000000  size  1.500000  1.300000  orientation 0.00
drill  0.000000
shape_offset  0.000000  0.000000
$EndPAD
$EndMODULE  LM2

$MODULE "LR1"
reference "LR1"
value " "
footprint "Inductors_SMD:L_0805_HandSoldering"
attribut smd
position 49.220000 113.990000  orientation 0.00
layer back
$PAD "1"
Shape Rect Layer back
position -1.350000  0.000000  size  1.500000  1.300000  orientation 0.00
drill  0.000000
shape_offset  0.000000  0.000000
$EndPAD
$PAD "2"
Shape Rect Layer back
position  1.350000  0.000000  size  1.500000  1.300000  orientation 0.00
drill  0.000000
shape_offset  0.000000  0.000000
$EndPAD
$EndMODULE  LR1

$MODULE "LR2"
reference "LR2"
value " "
footprint "Inductors_SMD:L_0805_HandSoldering"
attribut smd
position 50.870000 118.740000  orientation 90.00
layer back
$PAD "1"
Shape Rect Layer back
position -1.350000  0.000000  size  1.500000  1.300000  orientation 0.00
drill  0.000000
shape_offset  0.000000  0.000000
$EndPAD
$PAD "2"
Shape Rect Layer back
position  1.350000  0.000000  size  1.500000  1.300000  orientation 0.00
drill  0.000000
shape_offset  0.000000  0.000000
$EndPAD
$EndMODULE  LR2

$MODULE "R1"
reference "R1"
value " 1M"
footprint "Resistors_SMD:R_0805_HandSoldering"
attribut smd
position 48.730000 97.360000  orientation 90.00
layer back
$PAD "1"
Shape Rect Layer back
position -1.350000  0.000000  size  1.500000  1.300000  orientation 0.00
drill  0.000000
shape_offset  0.000000  0.000000
$EndPAD
$PAD "2"
Shape Rect Layer back
position  1.350000  0.000000  size  1.500000  1.300000  orientation 0.00
drill  0.000000
shape_offset  0.000000  0.000000
$EndPAD
$EndMODULE  R1

$MODULE "R2"
reference "R2"
value "LR"
footprint "Resistors_SMD:R_0805_HandSoldering"
attribut smd
position 45.150000 102.530000  orientation 180.00
layer front
$PAD "1"
Shape Rect Layer front
position -1.350000  0.000000  size  1.500000  1.300000  orientation 0.00
drill  0.000000
shape_offset  0.000000  0.000000
$EndPAD
$PAD "2"
Shape Rect Layer front
position  1.350000  0.000000  size  1.500000  1.300000  orientation 0.00
drill  0.000000
shape_offset  0.000000  0.000000
$EndPAD
$EndMODULE  R2

$MODULE "R3"
reference "R3"
value " 1K"
footprint "Resistors_SMD:R_0805_HandSoldering"
attribut smd
position 43.400000 99.540000  orientation 90.00
layer back
$PAD "1"
Shape Rect Layer back
position -1.350000  0.000000  size  1.500000  1.300000  orientation 0.00
drill  0.000000
shape_offset  0.000000  0.000000
$EndPAD
$PAD "2"
Shape Rect Layer back
position  1.350000  0.000000  size  1.500000  1.300000  orientation 0.00
drill  0.000000
shape_offset  0.000000  0.000000
$EndPAD
$EndMODULE  R3

$MODULE "R4"
reference "R4"
value " 1M"
footprint "Resistors_SMD:R_0805_HandSoldering"
attribut smd
position 39.710000 96.910000  orientation 270.00
layer back
$PAD "1"
Shape Rect Layer back
position -1.350000  0.000000  size  1.500000  1.300000  orientation 0.00
drill  0.000000
shape_offset  0.000000  0.000000
$EndPAD
$PAD "2"
Shape Rect Layer back
position  1.350000  0.000000  size  1.500000  1.300000  orientation 0.00
drill  0.000000
shape_offset  0.000000  0.000000
$EndPAD
$EndMODULE  R4

$MODULE "R5"
reference "R5"
value "LR"
footprint "Resistors_SMD:R_0805_HandSoldering"
attribut smd
position 72.900000 102.460000  orientation 180.00
layer front
$PAD "1"
Shape Rect Layer front
position -1.350000  0.000000  size  1.500000  1.300000  orientation 0.00
drill  0.000000
shape_offset  0.000000  0.000000
$EndPAD
$PAD "2"
Shape Rect Layer front
position  1.350000  0.000000  size  1.500000  1.300000  orientation 0.00
drill  0.000000
shape_offset  0.000000  0.000000
$EndPAD
$EndMODULE  R5

$MODULE "ROC1"
reference "ROC1"
value " "
footprint "Resistors_SMD:R_0805_HandSoldering"
attribut smd
position 43.480000 130.830000  orientation 90.00
layer back
$PAD "1"
Shape Rect Layer back
position -1.350000  0.000000  size  1.500000  1.300000  orientation 0.00
drill  0.000000
shape_offset  0.000000  0.000000
$EndPAD
$PAD "2"
Shape Rect Layer back
position  1.350000  0.000000  size  1.500000  1.300000  orientation 0.00
drill  0.000000
shape_offset  0.000000  0.000000
$EndPAD
$EndMODULE  ROC1

$MODULE "Y2"
reference "Y2"
value "30Mhz"
footprint "Crystals:Crystal_SMD_TXC_7M-4pin_3.2x2.5mm_HandSoldering"
attribut smd
position 65.880000 104.500000  orientation 0.00
layer back
$PAD "1"
Shape Rect Layer back
position -1.450000 -1.150000  size  2.100000  1.800000  orientation 0.00
drill  0.000000
shape_offset  0.000000  0.000000
$EndPAD
$PAD "2"
Shape Rect Layer back
position  1.450000 -1.150000  size  2.100000  1.800000  orientation 0.00
drill  0.000000
shape_offset  0.000000  0.000000
$EndPAD
$PAD "3"
Shape Rect Layer back
position  1.450000  1.150000  size  2.100000  1.800000  orientation 0.00
drill  0.000000
shape_offset  0.000000  0.000000
$EndPAD
$PAD "4"
Shape Rect Layer back
position -1.450000  1.150000  size  2.100000  1.800000  orientation 0.00
drill  0.000000
shape_offset  0.000000  0.000000
$EndPAD
$EndMODULE  Y2

$MODULE "Y1"
reference "Y1"
value "16Mhz"
footprint "Crystals:Crystal_SMD_TXC_7M-4pin_3.2x2.5mm_HandSoldering"
attribut smd
position 44.850000 94.450000  orientation 180.00
layer back
$PAD "1"
Shape Rect Layer back
position -1.450000 -1.150000  size  2.100000  1.800000  orientation 0.00
drill  0.000000
shape_offset  0.000000  0.000000
$EndPAD
$PAD "2"
Shape Rect Layer back
position  1.450000 -1.150000  size  2.100000  1.800000  orientation 0.00
drill  0.000000
shape_offset  0.000000  0.000000
$EndPAD
$PAD "3"
Shape Rect Layer back
position  1.450000  1.150000  size  2.100000  1.800000  orientation 0.00
drill  0.000000
shape_offset  0.000000  0.000000
$EndPAD
$PAD "4"
Shape Rect Layer back
position -1.450000  1.150000  size  2.100000  1.800000  orientation 0.00
drill  0.000000
shape_offset  0.000000  0.000000
$EndPAD
$EndMODULE  Y1

$MODULE "AE1"
reference "AE1"
value "Antenna_Dipole"
footprint "dipole:ti-dn023-antenna"
attribut none
position 54.680000 112.820000  orientation 270.00
layer front
$PAD "1"
Shape Rect Layer front
position  7.000000 -0.250000  size  2.000000  0.500000  orientation 0.00
drill  0.000000
shape_offset  0.000000  0.000000
$EndPAD
$PAD "2"
Shape Rect Layer front
position  0.500000  0.250000  size  1.000000  0.500000  orientation 0.00
drill  0.000000
shape_offset  0.000000  0.000000
$EndPAD
$EndMODULE  AE1

$MODULE "BT1"
reference "BT1"
value "Battery_Cell"
footprint "w_battery_holders:keystone_3008"
attribut none
position 60.000000 68.000000  orientation 180.00
layer back
$PAD "1"
Shape Rect Layer back
position -15.300000  0.000000  size  6.000000  5.500000  orientation 0.00
drill  0.000000
shape_offset  0.000000  0.000000
$EndPAD
$PAD "1"
Shape Rect Layer back
position 15.300000  0.000000  size  6.000000  5.500000  orientation 0.00
drill  0.000000
shape_offset  0.000000  0.000000
$EndPAD
$PAD "2"
Shape Rect Layer back
position  0.000000  0.000000  size  8.000000  8.000000  orientation 0.00
drill  0.000000
shape_offset  0.000000  0.000000
$EndPAD
$EndMODULE  BT1

$EndDESCRIPTION
